Current date/time: Wed Aug 24 10:26:27 CDT 2022
run_parentAndHybrid4deme_20220721.sh: line 12: Outputs/parentandhybrid4Deme_1: No such file or directory
run_parentAndHybrid4deme_20220721.sh: line 12: Outputs/parentandhybrid4Deme_2: No such file or directory
run_parentAndHybrid4deme_20220721.sh: line 12: Outputs/parentandhybrid4Deme_3: No such file or directory
run_parentAndHybrid4deme_20220721.sh: line 12: Outputs/parentandhybrid4Deme_4: No such file or directory
run_parentAndHybrid4deme_20220721.sh: line 12: Outputs/parentandhybrid4Deme_5: No such file or directory
All runs started!
Current date/time: Wed Aug 24 10:32:47 CDT 2022
run_parentAndHybrid4deme_20220721.sh: line 12: Outputs/parentandhybrid5Deme_1: No such file or directory
run_parentAndHybrid4deme_20220721.sh: line 12: Outputs/parentandhybrid5Deme_2: No such file or directory
run_parentAndHybrid4deme_20220721.sh: line 12: Outputs/parentandhybrid5Deme_3: No such file or directory
run_parentAndHybrid4deme_20220721.sh: line 12: Outputs/parentandhybrid5Deme_4: No such file or directory
run_parentAndHybrid4deme_20220721.sh: line 12: Outputs/parentandhybrid5Deme_5: No such file or directory
All runs started!
Current date/time: Wed Aug 24 10:37:27 CDT 2022
run_parentAndHybrid4deme_20220721.sh: line 12: -i: command not found
run_parentAndHybrid4deme_20220721.sh: line 12: -i: command not found
run_parentAndHybrid4deme_20220721.sh: line 12: -i: command not found
run_parentAndHybrid4deme_20220721.sh: line 12: -i: command not found
run_parentAndHybrid4deme_20220721.sh: line 12: -i: command not found
All runs started!
Current date/time: Wed Aug 24 11:16:47 CDT 2022
run_parentAndHybrid4deme_20220721.sh: line 12: -i: command not found
run_parentAndHybrid4deme_20220721.sh: line 12: -i: command not found
run_parentAndHybrid4deme_20220721.sh: line 12: -i: command not found
run_parentAndHybrid4deme_20220721.sh: line 12: -i: command not found
run_parentAndHybrid4deme_20220721.sh: line 12: -i: command not found
All runs started!
Current date/time: Wed Aug 24 14:59:25 CDT 2022
run_parentAndHybrid4deme_20220721.sh: line 12: -i: command not found
run_parentAndHybrid4deme_20220721.sh: line 12: -i: command not found
run_parentAndHybrid4deme_20220721.sh: line 12: -i: command not found
run_parentAndHybrid4deme_20220721.sh: line 12: -i: command not found
run_parentAndHybrid4deme_20220721.sh: line 12: -i: command not found
All runs started!
Current date/time: Mon Aug 29 08:56:38 CDT 2022
All runs started!
